Determining if the pthread_create exist failed with the following output:
Change Dir: /home/pscualy/catkin_ws/src/rover_gazebo/plugins/EncoderPlugin/build/CMakeFiles/CMakeTmp

Run Build Command:"/usr/bin/make" "cmTC_40486/fast"
/usr/bin/make -f CMakeFiles/cmTC_40486.dir/build.make CMakeFiles/cmTC_40486.dir/build
make[1]: Entering directory '/home/pscualy/catkin_ws/src/rover_gazebo/plugins/EncoderPlugin/build/CMakeFiles/CMakeTmp'
Building C object CMakeFiles/cmTC_40486.dir/CheckSymbolExists.c.o
/usr/bin/cc     -o CMakeFiles/cmTC_40486.dir/CheckSymbolExists.c.o   -c /home/pscualy/catkin_ws/src/rover_gazebo/plugins/EncoderPlugin/build/CMakeFiles/CMakeTmp/CheckSymbolExists.c
Linking C executable cmTC_40486
/usr/bin/cmake -E cmake_link_script CMakeFiles/cmTC_40486.dir/link.txt --verbose=1
/usr/bin/cc       CMakeFiles/cmTC_40486.dir/CheckSymbolExists.c.o  -o cmTC_40486 -rdynamic 
CMakeFiles/cmTC_40486.dir/CheckSymbolExists.c.o: In function `main':
CheckSymbolExists.c:(.text+0x16): undefined reference to `pthread_create'
collect2: error: ld returned 1 exit status
CMakeFiles/cmTC_40486.dir/build.make:97: recipe for target 'cmTC_40486' failed
make[1]: *** [cmTC_40486] Error 1
make[1]: Leaving directory '/home/pscualy/catkin_ws/src/rover_gazebo/plugins/EncoderPlugin/build/CMakeFiles/CMakeTmp'
Makefile:126: recipe for target 'cmTC_40486/fast' failed
make: *** [cmTC_40486/fast] Error 2

File /home/pscualy/catkin_ws/src/rover_gazebo/plugins/EncoderPlugin/build/CMakeFiles/CMakeTmp/CheckSymbolExists.c:
/* */
#include <pthread.h>

int main(int argc, char** argv)
{
  (void)argv;
#ifndef pthread_create
  return ((int*)(&pthread_create))[argc];
#else
  (void)argc;
  return 0;
#endif
}

Determining if the function pthread_create exists in the pthreads failed with the following output:
Change Dir: /home/pscualy/catkin_ws/src/rover_gazebo/plugins/EncoderPlugin/build/CMakeFiles/CMakeTmp

Run Build Command:"/usr/bin/make" "cmTC_90806/fast"
/usr/bin/make -f CMakeFiles/cmTC_90806.dir/build.make CMakeFiles/cmTC_90806.dir/build
make[1]: Entering directory '/home/pscualy/catkin_ws/src/rover_gazebo/plugins/EncoderPlugin/build/CMakeFiles/CMakeTmp'
Building C object CMakeFiles/cmTC_90806.dir/CheckFunctionExists.c.o
/usr/bin/cc    -DCHECK_FUNCTION_EXISTS=pthread_create   -o CMakeFiles/cmTC_90806.dir/CheckFunctionExists.c.o   -c /usr/share/cmake-3.5/Modules/CheckFunctionExists.c
Linking C executable cmTC_90806
/usr/bin/cmake -E cmake_link_script CMakeFiles/cmTC_90806.dir/link.txt --verbose=1
/usr/bin/cc   -DCHECK_FUNCTION_EXISTS=pthread_create    CMakeFiles/cmTC_90806.dir/CheckFunctionExists.c.o  -o cmTC_90806 -rdynamic -lpthreads 
/usr/bin/ld: cannot find -lpthreads
collect2: error: ld returned 1 exit status
CMakeFiles/cmTC_90806.dir/build.make:97: recipe for target 'cmTC_90806' failed
make[1]: *** [cmTC_90806] Error 1
make[1]: Leaving directory '/home/pscualy/catkin_ws/src/rover_gazebo/plugins/EncoderPlugin/build/CMakeFiles/CMakeTmp'
Makefile:126: recipe for target 'cmTC_90806/fast' failed
make: *** [cmTC_90806/fast] Error 2


